<?xml version="1.0" encoding="UTF-8"?>
<coverage generated="1757088810822" clover="3.2.0">
  <project timestamp="1757088810822" name="All files">
    <metrics statements="17" coveredstatements="16" conditionals="11" coveredconditionals="10" methods="4" coveredmethods="4" elements="32" coveredelements="30" complexity="0" loc="17" ncloc="17" packages="1" files="3" classes="3"/>
    <file name="ErrorMessage.tsx" path="/Users/mac/Downloads/Courses and Trainings/Personal Projects/Blog/src/components/ErrorMessage.tsx">
      <metrics statements="3" coveredstatements="3" conditionals="3" coveredconditionals="3" methods="1" coveredmethods="1"/>
      <line num="10" count="1" type="stmt"/>
      <line num="15" count="5" type="stmt"/>
      <line num="49" count="1" type="stmt"/>
    </file>
    <file name="LoadingSpinner.tsx" path="/Users/mac/Downloads/Courses and Trainings/Personal Projects/Blog/src/components/LoadingSpinner.tsx">
      <metrics statements="3" coveredstatements="3" conditionals="3" coveredconditionals="3" methods="1" coveredmethods="1"/>
      <line num="11" count="1" type="stmt"/>
      <line num="16" count="4" type="stmt"/>
      <line num="30" count="1" type="stmt"/>
    </file>
    <file name="PostCard.tsx" path="/Users/mac/Downloads/Courses and Trainings/Personal Projects/Blog/src/components/PostCard.tsx">
      <metrics statements="11" coveredstatements="10" conditionals="5" coveredconditionals="4" methods="2" coveredmethods="2"/>
      <line num="12" count="1" type="stmt"/>
      <line num="18" count="3" type="stmt"/>
      <line num="19" count="3" type="cond" truecount="2" falsecount="0"/>
      <line num="20" count="2" type="stmt"/>
      <line num="23" count="1" type="stmt"/>
      <line num="24" count="1" type="stmt"/>
      <line num="26" count="1" type="cond" truecount="1" falsecount="1"/>
      <line num="27" count="1" type="stmt"/>
      <line num="30" count="0" type="stmt"/>
      <line num="33" count="3" type="stmt"/>
      <line num="71" count="1" type="stmt"/>
    </file>
  </project>
</coverage>
