{"/Users/mac/Downloads/Courses and Trainings/Personal Projects/Blog/src/components/ErrorMessage.tsx": {"path":"/Users/mac/Downloads/Courses and Trainings/Personal Projects/Blog/src/components/ErrorMessage.tsx","statementMap":{"0":{"start":{"line":23,"column":57},"end":{"line":69,"column":1}},"1":{"start":{"line":28,"column":2},"end":{"line":68,"column":4}},"2":{"start":{"line":75,"column":15},"end":{"line":108,"column":2}}},"fnMap":{"0":{"name":"(anonymous_0)","decl":{"start":{"line":23,"column":57},"end":{"line":23,"column":58}},"loc":{"start":{"line":27,"column":6},"end":{"line":69,"column":1}},"line":27}},"branchMap":{"0":{"loc":{"start":{"line":26,"column":2},"end":{"line":26,"column":26}},"type":"default-arg","locations":[{"start":{"line":26,"column":11},"end":{"line":26,"column":26}}],"line":26},"1":{"loc":{"start":{"line":53,"column":7},"end":{"line":66,"column":7}},"type":"binary-expr","locations":[{"start":{"line":53,"column":7},"end":{"line":53,"column":14}},{"start":{"line":54,"column":8},"end":{"line":65,"column":27}}],"line":53}},"s":{"0":1,"1":5,"2":1},"f":{"0":5},"b":{"0":[4],"1":[5,2]},"_coverageSchema":"1a1c01bbd47fc00a2c39e90264f33305004495a9","hash":"47ccd21104d6e7d8a7e70417bb6ea3c3b94b8588"}
,"/Users/mac/Downloads/Courses and Trainings/Personal Projects/Blog/src/components/LoadingSpinner.tsx": {"path":"/Users/mac/Downloads/Courses and Trainings/Personal Projects/Blog/src/components/LoadingSpinner.tsx","statementMap":{"0":{"start":{"line":23,"column":61},"end":{"line":44,"column":1}},"1":{"start":{"line":28,"column":4},"end":{"line":43,"column":6}},"2":{"start":{"line":46,"column":15},"end":{"line":51,"column":2}}},"fnMap":{"0":{"name":"(anonymous_0)","decl":{"start":{"line":23,"column":61},"end":{"line":23,"column":62}},"loc":{"start":{"line":27,"column":6},"end":{"line":44,"column":1}},"line":27}},"branchMap":{"0":{"loc":{"start":{"line":24,"column":4},"end":{"line":24,"column":18}},"type":"default-arg","locations":[{"start":{"line":24,"column":11},"end":{"line":24,"column":18}}],"line":24},"1":{"loc":{"start":{"line":25,"column":4},"end":{"line":25,"column":26}},"type":"default-arg","locations":[{"start":{"line":25,"column":12},"end":{"line":25,"column":26}}],"line":25},"2":{"loc":{"start":{"line":26,"column":4},"end":{"line":26,"column":30}},"type":"default-arg","locations":[{"start":{"line":26,"column":13},"end":{"line":26,"column":30}}],"line":26}},"s":{"0":1,"1":4,"2":1},"f":{"0":4},"b":{"0":[3],"1":[3],"2":[3]},"_coverageSchema":"1a1c01bbd47fc00a2c39e90264f33305004495a9","hash":"4cc6c98dd5474ee98bc4f3b662d36dd26d38bcaf"}
,"/Users/mac/Downloads/Courses and Trainings/Personal Projects/Blog/src/components/PostCard.tsx": {"path":"/Users/mac/Downloads/Courses and Trainings/Personal Projects/Blog/src/components/PostCard.tsx","statementMap":{"0":{"start":{"line":23,"column":49},"end":{"line":100,"column":1}},"1":{"start":{"line":37,"column":29},"end":{"line":50,"column":5}},"2":{"start":{"line":38,"column":8},"end":{"line":40,"column":9}},"3":{"start":{"line":39,"column":12},"end":{"line":39,"column":24}},"4":{"start":{"line":42,"column":26},"end":{"line":42,"column":48}},"5":{"start":{"line":43,"column":31},"end":{"line":43,"column":57}},"6":{"start":{"line":45,"column":8},"end":{"line":47,"column":9}},"7":{"start":{"line":46,"column":12},"end":{"line":46,"column":66}},"8":{"start":{"line":49,"column":8},"end":{"line":49,"column":33}},"9":{"start":{"line":52,"column":4},"end":{"line":99,"column":6}},"10":{"start":{"line":105,"column":15},"end":{"line":136,"column":2}}},"fnMap":{"0":{"name":"(anonymous_0)","decl":{"start":{"line":23,"column":49},"end":{"line":23,"column":50}},"loc":{"start":{"line":27,"column":10},"end":{"line":100,"column":1}},"line":27},"1":{"name":"(anonymous_1)","decl":{"start":{"line":37,"column":29},"end":{"line":37,"column":30}},"loc":{"start":{"line":37,"column":55},"end":{"line":50,"column":5}},"line":37}},"branchMap":{"0":{"loc":{"start":{"line":26,"column":8},"end":{"line":26,"column":28}},"type":"default-arg","locations":[{"start":{"line":26,"column":17},"end":{"line":26,"column":28}}],"line":26},"1":{"loc":{"start":{"line":38,"column":8},"end":{"line":40,"column":9}},"type":"if","locations":[{"start":{"line":38,"column":8},"end":{"line":40,"column":9}},{"start":{},"end":{}}],"line":38},"2":{"loc":{"start":{"line":45,"column":8},"end":{"line":47,"column":9}},"type":"if","locations":[{"start":{"line":45,"column":8},"end":{"line":47,"column":9}},{"start":{},"end":{}}],"line":45}},"s":{"0":1,"1":3,"2":3,"3":2,"4":1,"5":1,"6":1,"7":1,"8":0,"9":3,"10":1},"f":{"0":3,"1":3},"b":{"0":[3],"1":[2,1],"2":[1,0]},"_coverageSchema":"1a1c01bbd47fc00a2c39e90264f33305004495a9","hash":"764f588e5c8cab8483ee229f8477f186231ec17a"}
}
