{"/Users/mac/Downloads/Courses and Trainings/Personal Projects/Blog/src/components/ErrorMessage.tsx": {"path":"/Users/mac/Downloads/Courses and Trainings/Personal Projects/Blog/src/components/ErrorMessage.tsx","statementMap":{"0":{"start":{"line":10,"column":57},"end":{"line":47,"column":1}},"1":{"start":{"line":15,"column":2},"end":{"line":46,"column":4}},"2":{"start":{"line":49,"column":15},"end":{"line":82,"column":2}}},"fnMap":{"0":{"name":"(anonymous_0)","decl":{"start":{"line":10,"column":57},"end":{"line":10,"column":58}},"loc":{"start":{"line":14,"column":6},"end":{"line":47,"column":1}},"line":14}},"branchMap":{"0":{"loc":{"start":{"line":13,"column":2},"end":{"line":13,"column":26}},"type":"default-arg","locations":[{"start":{"line":13,"column":11},"end":{"line":13,"column":26}}],"line":13},"1":{"loc":{"start":{"line":34,"column":7},"end":{"line":44,"column":7}},"type":"binary-expr","locations":[{"start":{"line":34,"column":7},"end":{"line":34,"column":14}},{"start":{"line":35,"column":8},"end":{"line":43,"column":27}}],"line":34}},"s":{"0":1,"1":5,"2":1},"f":{"0":5},"b":{"0":[4],"1":[5,2]},"_coverageSchema":"1a1c01bbd47fc00a2c39e90264f33305004495a9","hash":"17c5a30e12335d1e10b76e535e3b00de39473308"}
,"/Users/mac/Downloads/Courses and Trainings/Personal Projects/Blog/src/components/LoadingSpinner.tsx": {"path":"/Users/mac/Downloads/Courses and Trainings/Personal Projects/Blog/src/components/LoadingSpinner.tsx","statementMap":{"0":{"start":{"line":11,"column":61},"end":{"line":28,"column":1}},"1":{"start":{"line":16,"column":2},"end":{"line":27,"column":4}},"2":{"start":{"line":30,"column":15},"end":{"line":35,"column":2}}},"fnMap":{"0":{"name":"(anonymous_0)","decl":{"start":{"line":11,"column":61},"end":{"line":11,"column":62}},"loc":{"start":{"line":15,"column":6},"end":{"line":28,"column":1}},"line":15}},"branchMap":{"0":{"loc":{"start":{"line":12,"column":2},"end":{"line":12,"column":16}},"type":"default-arg","locations":[{"start":{"line":12,"column":9},"end":{"line":12,"column":16}}],"line":12},"1":{"loc":{"start":{"line":13,"column":2},"end":{"line":13,"column":24}},"type":"default-arg","locations":[{"start":{"line":13,"column":10},"end":{"line":13,"column":24}}],"line":13},"2":{"loc":{"start":{"line":14,"column":2},"end":{"line":14,"column":28}},"type":"default-arg","locations":[{"start":{"line":14,"column":11},"end":{"line":14,"column":28}}],"line":14}},"s":{"0":1,"1":4,"2":1},"f":{"0":4},"b":{"0":[3],"1":[3],"2":[3]},"_coverageSchema":"1a1c01bbd47fc00a2c39e90264f33305004495a9","hash":"d9d45ae5aaefe4056981d64dfb91822bd93ab376"}
,"/Users/mac/Downloads/Courses and Trainings/Personal Projects/Blog/src/components/PostCard.tsx": {"path":"/Users/mac/Downloads/Courses and Trainings/Personal Projects/Blog/src/components/PostCard.tsx","statementMap":{"0":{"start":{"line":12,"column":53},"end":{"line":69,"column":1}},"1":{"start":{"line":18,"column":29},"end":{"line":31,"column":5}},"2":{"start":{"line":19,"column":8},"end":{"line":21,"column":9}},"3":{"start":{"line":20,"column":12},"end":{"line":20,"column":24}},"4":{"start":{"line":23,"column":26},"end":{"line":23,"column":48}},"5":{"start":{"line":24,"column":31},"end":{"line":24,"column":57}},"6":{"start":{"line":26,"column":8},"end":{"line":28,"column":9}},"7":{"start":{"line":27,"column":12},"end":{"line":27,"column":66}},"8":{"start":{"line":30,"column":8},"end":{"line":30,"column":33}},"9":{"start":{"line":33,"column":4},"end":{"line":68,"column":6}},"10":{"start":{"line":71,"column":15},"end":{"line":102,"column":2}}},"fnMap":{"0":{"name":"(anonymous_0)","decl":{"start":{"line":12,"column":53},"end":{"line":12,"column":54}},"loc":{"start":{"line":16,"column":10},"end":{"line":69,"column":1}},"line":16},"1":{"name":"(anonymous_1)","decl":{"start":{"line":18,"column":29},"end":{"line":18,"column":30}},"loc":{"start":{"line":18,"column":55},"end":{"line":31,"column":5}},"line":18}},"branchMap":{"0":{"loc":{"start":{"line":15,"column":8},"end":{"line":15,"column":28}},"type":"default-arg","locations":[{"start":{"line":15,"column":17},"end":{"line":15,"column":28}}],"line":15},"1":{"loc":{"start":{"line":19,"column":8},"end":{"line":21,"column":9}},"type":"if","locations":[{"start":{"line":19,"column":8},"end":{"line":21,"column":9}},{"start":{},"end":{}}],"line":19},"2":{"loc":{"start":{"line":26,"column":8},"end":{"line":28,"column":9}},"type":"if","locations":[{"start":{"line":26,"column":8},"end":{"line":28,"column":9}},{"start":{},"end":{}}],"line":26}},"s":{"0":1,"1":3,"2":3,"3":2,"4":1,"5":1,"6":1,"7":1,"8":0,"9":3,"10":1},"f":{"0":3,"1":3},"b":{"0":[3],"1":[2,1],"2":[1,0]},"_coverageSchema":"1a1c01bbd47fc00a2c39e90264f33305004495a9","hash":"843747e3053db27d55dbd6302bc01dfd7d3a659c"}
}
