TN:
SF:src/components/ErrorMessage.tsx
FN:23,(anonymous_0)
FNF:1
FNH:1
FNDA:5,(anonymous_0)
DA:23,1
DA:28,5
DA:75,1
LF:3
LH:3
BRDA:26,0,0,4
BRDA:53,1,0,5
BRDA:53,1,1,2
BRF:3
BRH:3
end_of_record
TN:
SF:src/components/LoadingSpinner.tsx
FN:23,(anonymous_0)
FNF:1
FNH:1
FNDA:4,(anonymous_0)
DA:23,1
DA:28,4
DA:46,1
LF:3
LH:3
BRDA:24,0,0,3
BRDA:25,1,0,3
BRDA:26,2,0,3
BRF:3
BRH:3
end_of_record
TN:
SF:src/components/PostCard.tsx
FN:23,(anonymous_0)
FN:37,(anonymous_1)
FNF:2
FNH:2
FNDA:3,(anonymous_0)
FNDA:3,(anonymous_1)
DA:23,1
DA:37,3
DA:38,3
DA:39,2
DA:42,1
DA:43,1
DA:45,1
DA:46,1
DA:49,0
DA:52,3
DA:105,1
LF:11
LH:10
BRDA:26,0,0,3
BRDA:38,1,0,2
BRDA:38,1,1,1
BRDA:45,2,0,1
BRDA:45,2,1,0
BRF:5
BRH:4
end_of_record
