TN:
SF:src/components/ErrorMessage.tsx
FN:10,(anonymous_0)
FNF:1
FNH:1
FNDA:5,(anonymous_0)
DA:10,1
DA:15,5
DA:49,1
LF:3
LH:3
BRDA:13,0,0,4
BRDA:34,1,0,5
BRDA:34,1,1,2
BRF:3
BRH:3
end_of_record
TN:
SF:src/components/LoadingSpinner.tsx
FN:11,(anonymous_0)
FNF:1
FNH:1
FNDA:4,(anonymous_0)
DA:11,1
DA:16,4
DA:30,1
LF:3
LH:3
BRDA:12,0,0,3
BRDA:13,1,0,3
BRDA:14,2,0,3
BRF:3
BRH:3
end_of_record
TN:
SF:src/components/PostCard.tsx
FN:12,(anonymous_0)
FN:18,(anonymous_1)
FNF:2
FNH:2
FNDA:3,(anonymous_0)
FNDA:3,(anonymous_1)
DA:12,1
DA:18,3
DA:19,3
DA:20,2
DA:23,1
DA:24,1
DA:26,1
DA:27,1
DA:30,0
DA:33,3
DA:71,1
LF:11
LH:10
BRDA:15,0,0,3
BRDA:19,1,0,2
BRDA:19,1,1,1
BRDA:26,2,0,1
BRDA:26,2,1,0
BRF:5
BRH:4
end_of_record
